# JRE version: Java(TM) SE Runtime Environment (17.0.10+11) (build 17.0.10+11-LTS-240)
# Java VM: Java HotSpot(TM) 64-Bit Server VM (17.0.10+11-LTS-240, mixed mode, sharing, tiered, compressed oops, compressed class ptrs, g1 gc, windows-amd64)
GC Precious Log:
 CPUs: 4 total, 4 available
 Memory: 3895M
 Large Page Support: Disabled
 NUMA Support: Disabled
 Compressed Oops: Enabled (32-bit)
 Heap Region Size: 1M
 Heap Min Capacity: 8M
 Heap Initial Capacity: 62M
 Heap Max Capacity: 974M
 Pre-touch: Disabled
 Parallel Workers: 4
 Concurrent Workers: 1
 Concurrent Refinement Workers: 4
 Periodic GC: Disabled
Heap:
 garbage-first heap   total 63488K, used 19607K [0x00000000c3200000, 0x0000000100000000)
  region size 1024K, 13 young (13312K), 5 survivors (5120K)
 Metaspace       used 15981K, committed 16320K, reserved 1114112K
  class space    used 1754K, committed 1920K, reserved 1048576K
GC Heap History (8 events):
Event: 6.310 GC heap before
{Heap before GC invocations=0 (full 0):
 garbage-first heap   total 63488K, used 12288K [0x00000000c3200000, 0x0000000100000000)
  region size 1024K, 13 young (13312K), 0 survivors (0K)
 Metaspace       used 1987K, committed 2112K, reserved 1114112K
  class space    used 224K, committed 320K, reserved 1048576K
}
Event: 6.316 GC heap after
{Heap after GC invocations=1 (full 0):
 garbage-first heap   total 63488K, used 5262K [0x00000000c3200000, 0x0000000100000000)
  region size 1024K, 2 young (2048K), 2 survivors (2048K)
 Metaspace       used 1987K, committed 2112K, reserved 1114112K
  class space    used 224K, committed 320K, reserved 1048576K
}
Event: 7.260 GC heap before
{Heap before GC invocations=1 (full 0):
 garbage-first heap   total 63488K, used 17550K [0x00000000c3200000, 0x0000000100000000)
  region size 1024K, 15 young (15360K), 2 survivors (2048K)
 Metaspace       used 5337K, committed 5504K, reserved 1114112K
  class space    used 556K, committed 640K, reserved 1048576K
}
Event: 7.264 GC heap after
{Heap after GC invocations=2 (full 0):
 garbage-first heap   total 63488K, used 5592K [0x00000000c3200000, 0x0000000100000000)
  region size 1024K, 1 young (1024K), 1 survivors (1024K)
 Metaspace       used 5337K, committed 5504K, reserved 1114112K
  class space    used 556K, committed 640K, reserved 1048576K
}
Event: 9.113 GC heap before
{Heap before GC invocations=2 (full 0):
 garbage-first heap   total 63488K, used 27096K [0x00000000c3200000, 0x0000000100000000)
  region size 1024K, 23 young (23552K), 1 survivors (1024K)
 Metaspace       used 10205K, committed 10432K, reserved 1114112K
  class space    used 1108K, committed 1216K, reserved 1048576K
}
Event: 9.124 GC heap after
{Heap after GC invocations=3 (full 0):
 garbage-first heap   total 63488K, used 7036K [0x00000000c3200000, 0x0000000100000000)
  region size 1024K, 3 young (3072K), 3 survivors (3072K)
 Metaspace       used 10205K, committed 10432K, reserved 1114112K
  class space    used 1108K, committed 1216K, reserved 1048576K
}
Event: 11.999 GC heap before
{Heap before GC invocations=3 (full 0):
 garbage-first heap   total 63488K, used 44924K [0x00000000c3200000, 0x0000000100000000)
  region size 1024K, 36 young (36864K), 3 survivors (3072K)
 Metaspace       used 15805K, committed 16128K, reserved 1114112K
  class space    used 1733K, committed 1920K, reserved 1048576K
}
Event: 12.025 GC heap after
{Heap after GC invocations=4 (full 0):
 garbage-first heap   total 63488K, used 12439K [0x00000000c3200000, 0x0000000100000000)
  region size 1024K, 5 young (5120K), 5 survivors (5120K)
 Metaspace       used 15805K, committed 16128K, reserved 1114112K
  class space    used 1733K, committed 1920K, reserved 1048576K
}

